<?xml version="1.0" encoding="UTF-8"?>
<!-- Generated by org.testng.reporters.JUnitReportReporter -->
<testsuite hostname="LAPTOP-E5794JHA" failures="0" tests="2" name="runners.RegisterRunner" time="26.450" errors="0" timestamp="2025-06-15T17:22:55 GMT+07:00" skipped="0">
  <testcase classname="runners.RegisterRunner" name="runScenario" time="5.283"/>
  <testcase classname="runners.RegisterRunner" name="runScenario" time="21.167"/>
</testsuite> <!-- runners.RegisterRunner -->
